项目创建时间 ‎
	2015‎年‎4‎月‎19‎日，‏‎0:50:21?



创建本文件时间
	2015-04-20 17:52:41
	
	
更新信息
	2015-04-20 17:52:41
	2015-04-21 14:58:39
		yami
		添加V2.1版本的ROM数据布局,并且修复了一些bug
		对于V2的汉化,请把makefile用TLPV2_1.mk替换了
		
	2015-04-23 23:12:49
		yami
		修复原ROM显示半个文字的bug,这个应该只会出现美版的ROM中
		原ROM的文本分类,在old文件下,
		Tools添加了导出一些类型的翻译文本(export_type_text.c)
		
	2015-04-26 15:09:30
		yami
		Tools	文件夹增加export_text2.c,增加了对控制符的改进,产生的文本控制符添加
		Tools	文件夹增加export_text3.c,删除了所有控制符,这是针对不了解控制符的翻译
		old		文件夹增加L01.c,第一关的一些文本
		
	2015-04-27 15:01:57
		yami
		添加了TLPcn组的汉化文档
		添加了大多数道具(描述)的汉化,
		添加了信息框的大部分汉化
		添加了菜单的一些汉化
		
		
		
		

最后一次更新时间
	2015-04-27 15:03:21		yami
	2015-04-26 15:10:39		yami
	2015-04-23 23:12:43		yami
	2015-04-21 14:58:39		yami
	2015-04-20 17:52:41		
	